2025-12-01 10:16:27 | INFO     | ======================================================================
2025-12-01 10:16:27 | INFO     | 🚀 INICIANDO BOT GANADORA v3.0
2025-12-01 10:16:27 | INFO     | ======================================================================
2025-12-01 10:16:27 | INFO     | 📡 Conectando a Binance Futures...
2025-12-01 10:16:30 | INFO     |    ✓ Conexión exitosa
2025-12-01 10:16:30 | INFO     |    💰 Balance USDT disponible: $690.90
2025-12-01 10:16:30 | INFO     |    ✓ Modo Hedge activado
2025-12-01 10:16:30 | INFO     | 
2025-12-01 10:16:30 | INFO     | ======================================================================
2025-12-01 10:16:30 | INFO     | ⚙️ CONFIGURACIÓN ACTIVA
2025-12-01 10:16:30 | INFO     | ======================================================================
2025-12-01 10:16:30 | INFO     |    TIMEFRAME: 1h (Velas de 1 hora)
2025-12-01 10:16:30 | INFO     |    VELAS A DESCARGAR: 200
2025-12-01 10:16:30 | INFO     | 
2025-12-01 10:16:30 | INFO     |    --- CAPITAL ---
2025-12-01 10:16:30 | INFO     |    Margen: $100
2025-12-01 10:16:30 | INFO     |    Leverage: 10x
2025-12-01 10:16:30 | INFO     |    Exposición: $1000
2025-12-01 10:16:30 | INFO     |    Max posiciones: 3
2025-12-01 10:16:30 | INFO     | 
2025-12-01 10:16:30 | INFO     |    --- INDICADORES (períodos) ---
2025-12-01 10:16:30 | INFO     |    EMA: 8, 20, 21, 50
2025-12-01 10:16:30 | INFO     |    ADX: 14 | Mínimo: 28
2025-12-01 10:16:30 | INFO     |    RSI: 14 | LONG > 55 | SHORT < 70
2025-12-01 10:16:30 | INFO     |    MACD: (12, 26, 9)
2025-12-01 10:16:30 | INFO     |    ATR: 14
2025-12-01 10:16:30 | INFO     |    Volume SMA: 20 | Ratio >= 1.2
2025-12-01 10:16:30 | INFO     |    Pivot lookback: 50 velas
2025-12-01 10:16:30 | INFO     | 
2025-12-01 10:16:30 | INFO     |    --- RIESGO ---
2025-12-01 10:16:30 | INFO     |    Stop Loss: 1.5x ATR
2025-12-01 10:16:30 | INFO     |    Take Profit: 3.0x ATR
2025-12-01 10:16:30 | INFO     |    ATR rango: 0.2% - 15.0%
2025-12-01 10:16:30 | INFO     |    Max spread: 0.10%
2025-12-01 10:16:30 | INFO     | 
2025-12-01 10:16:30 | INFO     |    --- SÍMBOLOS ---
2025-12-01 10:16:30 | INFO     |    DOGE/USDT, OP/USDT, ATOM/USDT, FIL/USDT, ADA/USDT, TRX/USDT, DOT/USDT, LINK/USDT, ARB/USDT, APT/USDT
2025-12-01 10:16:30 | INFO     | ======================================================================
2025-12-01 10:16:30 | INFO     | 
2025-12-01 10:16:30 | INFO     | ======================================================================
2025-12-01 10:16:30 | INFO     | 🟢 BOT INICIADO
2025-12-01 10:16:30 | INFO     | ======================================================================
2025-12-01 10:16:30 | INFO     |    Timeframe: 1h
2025-12-01 10:16:30 | INFO     |    El bot evaluará solo VELAS CERRADAS
2025-12-01 10:16:30 | INFO     |    Se sincronizará con el cierre de cada vela horaria
2025-12-01 10:16:30 | INFO     | ======================================================================
2025-12-01 10:16:30 | INFO     | 
2025-12-01 10:16:30 | INFO     | ======================================================================
2025-12-01 10:16:30 | INFO     | ⏰ SINCRONIZACIÓN CON CIERRE DE VELA
2025-12-01 10:16:30 | INFO     | ======================================================================
2025-12-01 10:16:30 | INFO     |    Hora actual: 2025-12-01 10:16:30
2025-12-01 10:16:30 | INFO     |    Próximo cierre de vela 1h: 11:00:00
2025-12-01 10:16:30 | INFO     |    Tiempo de espera: 43m 44s
2025-12-01 10:16:30 | INFO     | 
